<?xml version="1.0" encoding="UTF-8"?>
<!-- Generated by org.testng.reporters.JUnitXMLReporter -->
<testsuite ignored="0" hostname="LAPTOP-T7PI7EN2" failures="0" tests="4" name="Test" time="89.563" errors="0" timestamp="2024-02-22T09:39:16 IST">
  <testcase classname="testcases.AmazonLogin" name="login" time="3.307"/>
  <testcase classname="testcases.AmazonLogin" name="login" time="24.281"/>
  <testcase classname="testcases.AmazonLogin" name="login" time="47.89"/>
  <testcase classname="testcases.AmazonShop" name="shop" time="10.171"/>
</testsuite> <!-- Test -->
