<?xml version="1.0" encoding="UTF-8"?>
<testng-results ignored="0" total="4" passed="4" failed="0" skipped="0">
  <reporter-output>
  </reporter-output>
  <suite started-at="2024-02-22T09:37:46 IST" name="Suite" finished-at="2024-02-22T09:39:16 IST" duration-ms="89563">
    <groups>
    </groups>
    <test started-at="2024-02-22T09:37:46 IST" name="Test" finished-at="2024-02-22T09:39:16 IST" duration-ms="89563">
      <class name="testcases.AmazonShop">
        <test-method signature="shop()[pri:0, instance:testcases.AmazonShop@71a8adcf]" started-at="2024-02-22T09:39:05 IST" name="shop" finished-at="2024-02-22T09:39:16 IST" duration-ms="10171" status="PASS">
          <reporter-output>
          </reporter-output>
        </test-method> <!-- shop -->
      </class> <!-- testcases.AmazonShop -->
      <class name="testcases.AmazonLogin">
        <test-method is-config="true" signature="openBrowser(java.lang.String,java.lang.String,java.lang.String,java.lang.String)[pri:0, instance:testcases.AmazonLogin@437da279]" started-at="2024-02-22T09:37:46 IST" name="openBrowser" finished-at="2024-02-22T09:37:49 IST" duration-ms="2895" status="PASS">
          <params>
            <param index="0">
              <value>
                <![CDATA[chrome]]>
              </value>
            </param>
            <param index="1">
              <value>
                <![CDATA[https://www.amazon.in/]]>
              </value>
            </param>
            <param index="2">
              <value>
                <![CDATA[AmazonShop]]>
              </value>
            </param>
            <param index="3">
              <value>
                <![CDATA[true]]>
              </value>
            </param>
          </params>
          <reporter-output>
          </reporter-output>
        </test-method> <!-- openBrowser -->
        <test-method signature="login(java.lang.String,java.lang.String)[pri:0, instance:testcases.AmazonLogin@437da279]" started-at="2024-02-22T09:37:50 IST" name="login" data-provider="loginData" finished-at="2024-02-22T09:37:53 IST" duration-ms="3307" status="PASS">
          <params>
            <param index="0">
              <value>
                <![CDATA[aaa]]>
              </value>
            </param>
            <param index="1">
              <value>
                <![CDATA[RMinfotech]]>
              </value>
            </param>
          </params>
          <reporter-output>
          </reporter-output>
        </test-method> <!-- login -->
        <test-method signature="login(java.lang.String,java.lang.String)[pri:0, instance:testcases.AmazonLogin@437da279]" started-at="2024-02-22T09:37:53 IST" name="login" data-provider="loginData" finished-at="2024-02-22T09:38:17 IST" duration-ms="24281" status="PASS">
          <params>
            <param index="0">
              <value>
                <![CDATA[paragguide@yahoo.co.in]]>
              </value>
            </param>
            <param index="1">
              <value>
                <![CDATA[cccc]]>
              </value>
            </param>
          </params>
          <reporter-output>
          </reporter-output>
        </test-method> <!-- login -->
        <test-method signature="login(java.lang.String,java.lang.String)[pri:0, instance:testcases.AmazonLogin@437da279]" started-at="2024-02-22T09:38:18 IST" name="login" data-provider="loginData" finished-at="2024-02-22T09:39:05 IST" duration-ms="47890" status="PASS">
          <params>
            <param index="0">
              <value>
                <![CDATA[paragguide@yahoo.co.in]]>
              </value>
            </param>
            <param index="1">
              <value>
                <![CDATA[RMinfotech]]>
              </value>
            </param>
          </params>
          <reporter-output>
          </reporter-output>
        </test-method> <!-- login -->
        <test-method is-config="true" signature="closeBrowser()[pri:0, instance:testcases.AmazonLogin@437da279]" started-at="2024-02-22T09:39:16 IST" name="closeBrowser" finished-at="2024-02-22T09:39:16 IST" duration-ms="470" status="PASS">
          <reporter-output>
          </reporter-output>
        </test-method> <!-- closeBrowser -->
      </class> <!-- testcases.AmazonLogin -->
    </test> <!-- Test -->
  </suite> <!-- Suite -->
</testng-results>
